0 info it worked if it ends with ok
1 verbose cli [ '/usr/bin/node',
1 verbose cli   '/usr/bin/npm',
1 verbose cli   'install',
1 verbose cli   'dt~auth0-js',
1 verbose cli   '--global' ]
2 info using npm@3.10.10
3 info using node@v6.11.3
4 silly loadCurrentTree Starting
5 silly install loadCurrentTree
6 silly install readGlobalPackageData
7 silly fetchPackageMetaData dt~auth0-js
8 silly fetchOtherPackageData dt~auth0-js
9 silly cache add args [ 'dt~auth0-js', null ]
10 verbose cache add spec dt~auth0-js
11 silly cache add parsed spec Result {
11 silly cache add   raw: 'dt~auth0-js',
11 silly cache add   scope: null,
11 silly cache add   escapedName: null,
11 silly cache add   name: null,
11 silly cache add   rawSpec: 'dt~auth0-js',
11 silly cache add   spec: '/home/linxu/文档/Projects/bttigercs503/week3/oj-client/dt~auth0-js',
11 silly cache add   type: 'local' }
12 error addLocal Could not install /home/linxu/文档/Projects/bttigercs503/week3/oj-client/dt~auth0-js
13 silly fetchPackageMetaData Error: ENOENT: no such file or directory, open '/home/linxu/文档/Projects/bttigercs503/week3/oj-client/dt~auth0-js'
13 silly fetchPackageMetaData     at Error (native)
13 silly fetchPackageMetaData  error for dt~auth0-js { Error: ENOENT: no such file or directory, open '/home/linxu/文档/Projects/bttigercs503/week3/oj-client/dt~auth0-js'
13 silly fetchPackageMetaData     at Error (native)
13 silly fetchPackageMetaData   errno: -2,
13 silly fetchPackageMetaData   code: 'ENOENT',
13 silly fetchPackageMetaData   syscall: 'open',
13 silly fetchPackageMetaData   path: '/home/linxu/文档/Projects/bttigercs503/week3/oj-client/dt~auth0-js' }
14 silly rollbackFailedOptional Starting
15 silly rollbackFailedOptional Finishing
16 silly runTopLevelLifecycles Finishing
17 silly install printInstalled
18 verbose stack Error: ENOENT: no such file or directory, open '/home/linxu/文档/Projects/bttigercs503/week3/oj-client/dt~auth0-js'
18 verbose stack     at Error (native)
19 verbose cwd /home/linxu/文档/Projects/bttigercs503/week3/oj-client
20 error Linux 4.4.0-104-generic
21 error argv "/usr/bin/node" "/usr/bin/npm" "install" "dt~auth0-js" "--global"
22 error node v6.11.3
23 error npm  v3.10.10
24 error path /home/linxu/文档/Projects/bttigercs503/week3/oj-client/dt~auth0-js
25 error code ENOENT
26 error errno -2
27 error syscall open
28 error enoent ENOENT: no such file or directory, open '/home/linxu/文档/Projects/bttigercs503/week3/oj-client/dt~auth0-js'
29 error enoent ENOENT: no such file or directory, open '/home/linxu/文档/Projects/bttigercs503/week3/oj-client/dt~auth0-js'
29 error enoent This is most likely not a problem with npm itself
29 error enoent and is related to npm not being able to find a file.
30 verbose exit [ -2, true ]
